2021-03-01 21:17:30.028  INFO 15453 --- [main] c.e.S.SpringBootJpaApplication           : Starting SpringBootJpaApplication v0.0.1-SNAPSHOT on ankit-Inspiron-3542 with PID 15453 (/home/ankit/Ankit/security_code/Spring_Security_Authorization/postgres_spring_app/spring_boot_app/spring_boot_jpa/target/Spring_Boot_JPA-0.0.1-SNAPSHOT.jar started by ankit in /home/ankit/Ankit/security_code/Spring_Security_Authorization/postgres_spring_app/spring_boot_app/spring_boot_jpa)
2021-03-01 21:17:30.034  INFO 15453 --- [main] c.e.S.SpringBootJpaApplication           : No active profile set, falling back to default profiles: default
2021-03-01 21:17:31.399  INFO 15453 --- [main] .s.d.r.c.RepositoryConfigurationDelegate : Bootstrapping Spring Data repositories in DEFAULT mode.
2021-03-01 21:17:31.516  INFO 15453 --- [main] .s.d.r.c.RepositoryConfigurationDelegate : Finished Spring Data repository scanning in 103ms. Found 3 repository interfaces.
2021-03-01 21:17:32.168  INFO 15453 --- [main] trationDelegate$BeanPostProcessorChecker : Bean 'org.springframework.transaction.annotation.ProxyTransactionManagementConfiguration' of type [org.springframework.transaction.annotation.ProxyTransactionManagementConfiguration] is not eligible for getting processed by all BeanPostProcessors (for example: not eligible for auto-proxying)
2021-03-01 21:17:32.587  INFO 15453 --- [main] o.s.b.w.embedded.tomcat.TomcatWebServer  : Tomcat initialized with port(s): 8090 (http)
2021-03-01 21:17:32.607  INFO 15453 --- [main] o.apache.catalina.core.StandardService   : Starting service [Tomcat]
2021-03-01 21:17:32.608  INFO 15453 --- [main] org.apache.catalina.core.StandardEngine  : Starting Servlet engine: [Apache Tomcat/9.0.27]
2021-03-01 21:17:32.726  INFO 15453 --- [main] o.a.c.c.C.[Tomcat].[localhost].[/]       : Initializing Spring embedded WebApplicationContext
2021-03-01 21:17:32.726  INFO 15453 --- [main] o.s.web.context.ContextLoader            : Root WebApplicationContext: initialization completed in 2546 ms
2021-03-01 21:17:32.935 DEBUG 15453 --- [main] com.zaxxer.hikari.HikariConfig           : Driver class org.postgresql.Driver found in Thread context class loader org.springframework.boot.loader.LaunchedURLClassLoader@7daf6ecc
2021-03-01 21:17:33.004  INFO 15453 --- [main] o.f.c.internal.license.VersionPrinter    : Flyway Community Edition 6.0.8 by Redgate
2021-03-01 21:17:33.060  WARN 15453 --- [main] ConfigServletWebServerApplicationContext : Exception encountered during context initialization - cancelling refresh attempt: org.springframework.beans.factory.BeanCreationException: Error creating bean with name 'flywayInitializer' defined in class path resource [org/springframework/boot/autoconfigure/flyway/FlywayAutoConfiguration$FlywayConfiguration.class]: Invocation of init method failed; nested exception is org.flywaydb.core.internal.exception.FlywaySqlException: 
Unable to obtain connection from database (jdbc:postgresql://db:5432/ankit) for user 'ankit': The connection attempt failed.
----------------------------------------------------------------------------------------------------------------------------
SQL State  : 08001
Error Code : 0
Message    : The connection attempt failed.

2021-03-01 21:17:33.065  INFO 15453 --- [main] o.apache.catalina.core.StandardService   : Stopping service [Tomcat]
2021-03-01 21:17:33.083  INFO 15453 --- [main] ConditionEvaluationReportLoggingListener : 

Error starting ApplicationContext. To display the conditions report re-run your application with 'debug' enabled.
2021-03-01 21:17:33.090 ERROR 15453 --- [main] o.s.boot.SpringApplication               : Application run failed

org.springframework.beans.factory.BeanCreationException: Error creating bean with name 'flywayInitializer' defined in class path resource [org/springframework/boot/autoconfigure/flyway/FlywayAutoConfiguration$FlywayConfiguration.class]: Invocation of init method failed; nested exception is org.flywaydb.core.internal.exception.FlywaySqlException: 
Unable to obtain connection from database (jdbc:postgresql://db:5432/ankit) for user 'ankit': The connection attempt failed.
----------------------------------------------------------------------------------------------------------------------------
SQL State  : 08001
Error Code : 0
Message    : The connection attempt failed.

	at org.springframework.beans.factory.support.AbstractAutowireCapableBeanFactory.initializeBean(AbstractAutowireCapableBeanFactory.java:1803) ~[spring-beans-5.2.1.RELEASE.jar!/:5.2.1.RELEASE]
	at org.springframework.beans.factory.support.AbstractAutowireCapableBeanFactory.doCreateBean(AbstractAutowireCapableBeanFactory.java:595) ~[spring-beans-5.2.1.RELEASE.jar!/:5.2.1.RELEASE]
	at org.springframework.beans.factory.support.AbstractAutowireCapableBeanFactory.createBean(AbstractAutowireCapableBeanFactory.java:517) ~[spring-beans-5.2.1.RELEASE.jar!/:5.2.1.RELEASE]
	at org.springframework.beans.factory.support.AbstractBeanFactory.lambda$doGetBean$0(AbstractBeanFactory.java:323) ~[spring-beans-5.2.1.RELEASE.jar!/:5.2.1.RELEASE]
	at org.springframework.beans.factory.support.DefaultSingletonBeanRegistry.getSingleton(DefaultSingletonBeanRegistry.java:222) ~[spring-beans-5.2.1.RELEASE.jar!/:5.2.1.RELEASE]
	at org.springframework.beans.factory.support.AbstractBeanFactory.doGetBean(AbstractBeanFactory.java:321) ~[spring-beans-5.2.1.RELEASE.jar!/:5.2.1.RELEASE]
	at org.springframework.beans.factory.support.AbstractBeanFactory.getBean(AbstractBeanFactory.java:202) ~[spring-beans-5.2.1.RELEASE.jar!/:5.2.1.RELEASE]
	at org.springframework.beans.factory.support.AbstractBeanFactory.doGetBean(AbstractBeanFactory.java:310) ~[spring-beans-5.2.1.RELEASE.jar!/:5.2.1.RELEASE]
	at org.springframework.beans.factory.support.AbstractBeanFactory.getBean(AbstractBeanFactory.java:202) ~[spring-beans-5.2.1.RELEASE.jar!/:5.2.1.RELEASE]
	at org.springframework.context.support.AbstractApplicationContext.getBean(AbstractApplicationContext.java:1108) ~[spring-context-5.2.1.RELEASE.jar!/:5.2.1.RELEASE]
	at org.springframework.context.support.AbstractApplicationContext.finishBeanFactoryInitialization(AbstractApplicationContext.java:868) ~[spring-context-5.2.1.RELEASE.jar!/:5.2.1.RELEASE]
	at org.springframework.context.support.AbstractApplicationContext.refresh(AbstractApplicationContext.java:550) ~[spring-context-5.2.1.RELEASE.jar!/:5.2.1.RELEASE]
	at org.springframework.boot.web.servlet.context.ServletWebServerApplicationContext.refresh(ServletWebServerApplicationContext.java:141) ~[spring-boot-2.2.1.RELEASE.jar!/:2.2.1.RELEASE]
	at org.springframework.boot.SpringApplication.refresh(SpringApplication.java:747) ~[spring-boot-2.2.1.RELEASE.jar!/:2.2.1.RELEASE]
	at org.springframework.boot.SpringApplication.refreshContext(SpringApplication.java:397) ~[spring-boot-2.2.1.RELEASE.jar!/:2.2.1.RELEASE]
	at org.springframework.boot.SpringApplication.run(SpringApplication.java:315) ~[spring-boot-2.2.1.RELEASE.jar!/:2.2.1.RELEASE]
	at org.springframework.boot.SpringApplication.run(SpringApplication.java:1226) ~[spring-boot-2.2.1.RELEASE.jar!/:2.2.1.RELEASE]
	at org.springframework.boot.SpringApplication.run(SpringApplication.java:1215) ~[spring-boot-2.2.1.RELEASE.jar!/:2.2.1.RELEASE]
	at com.example.Spring_Boot_JPA.SpringBootJpaApplication.main(SpringBootJpaApplication.java:33) ~[classes!/:0.0.1-SNAPSHOT]
	at java.base/jdk.internal.reflect.NativeMethodAccessorImpl.invoke0(Native Method) ~[na:na]
	at java.base/jdk.internal.reflect.NativeMethodAccessorImpl.invoke(NativeMethodAccessorImpl.java:62) ~[na:na]
	at java.base/jdk.internal.reflect.DelegatingMethodAccessorImpl.invoke(DelegatingMethodAccessorImpl.java:43) ~[na:na]
	at java.base/java.lang.reflect.Method.invoke(Method.java:566) ~[na:na]
	at org.springframework.boot.loader.MainMethodRunner.run(MainMethodRunner.java:48) ~[Spring_Boot_JPA-0.0.1-SNAPSHOT.jar:0.0.1-SNAPSHOT]
	at org.springframework.boot.loader.Launcher.launch(Launcher.java:87) ~[Spring_Boot_JPA-0.0.1-SNAPSHOT.jar:0.0.1-SNAPSHOT]
	at org.springframework.boot.loader.Launcher.launch(Launcher.java:51) ~[Spring_Boot_JPA-0.0.1-SNAPSHOT.jar:0.0.1-SNAPSHOT]
	at org.springframework.boot.loader.JarLauncher.main(JarLauncher.java:52) ~[Spring_Boot_JPA-0.0.1-SNAPSHOT.jar:0.0.1-SNAPSHOT]
Caused by: org.flywaydb.core.internal.exception.FlywaySqlException: 
Unable to obtain connection from database (jdbc:postgresql://db:5432/ankit) for user 'ankit': The connection attempt failed.
----------------------------------------------------------------------------------------------------------------------------
SQL State  : 08001
Error Code : 0
Message    : The connection attempt failed.

	at org.flywaydb.core.internal.jdbc.JdbcUtils.openConnection(JdbcUtils.java:60) ~[flyway-core-6.0.8.jar!/:na]
	at org.flywaydb.core.internal.jdbc.JdbcConnectionFactory.<init>(JdbcConnectionFactory.java:80) ~[flyway-core-6.0.8.jar!/:na]
	at org.flywaydb.core.Flyway.execute(Flyway.java:438) ~[flyway-core-6.0.8.jar!/:na]
	at org.flywaydb.core.Flyway.migrate(Flyway.java:149) ~[flyway-core-6.0.8.jar!/:na]
	at org.springframework.boot.autoconfigure.flyway.FlywayMigrationInitializer.afterPropertiesSet(FlywayMigrationInitializer.java:65) ~[spring-boot-autoconfigure-2.2.1.RELEASE.jar!/:2.2.1.RELEASE]
	at org.springframework.beans.factory.support.AbstractAutowireCapableBeanFactory.invokeInitMethods(AbstractAutowireCapableBeanFactory.java:1862) ~[spring-beans-5.2.1.RELEASE.jar!/:5.2.1.RELEASE]
	at org.springframework.beans.factory.support.AbstractAutowireCapableBeanFactory.initializeBean(AbstractAutowireCapableBeanFactory.java:1799) ~[spring-beans-5.2.1.RELEASE.jar!/:5.2.1.RELEASE]
	... 26 common frames omitted
Caused by: org.postgresql.util.PSQLException: The connection attempt failed.
	at org.postgresql.core.v3.ConnectionFactoryImpl.openConnectionImpl(ConnectionFactoryImpl.java:292) ~[postgresql-42.2.8.jar!/:42.2.8]
	at org.postgresql.core.ConnectionFactory.openConnection(ConnectionFactory.java:49) ~[postgresql-42.2.8.jar!/:42.2.8]
	at org.postgresql.jdbc.PgConnection.<init>(PgConnection.java:195) ~[postgresql-42.2.8.jar!/:42.2.8]
	at org.postgresql.Driver.makeConnection(Driver.java:458) ~[postgresql-42.2.8.jar!/:42.2.8]
	at org.postgresql.Driver.connect(Driver.java:260) ~[postgresql-42.2.8.jar!/:42.2.8]
	at org.flywaydb.core.internal.jdbc.DriverDataSource.getConnectionFromDriver(DriverDataSource.java:451) ~[flyway-core-6.0.8.jar!/:na]
	at org.flywaydb.core.internal.jdbc.DriverDataSource.getConnection(DriverDataSource.java:417) ~[flyway-core-6.0.8.jar!/:na]
	at org.flywaydb.core.internal.jdbc.JdbcUtils.openConnection(JdbcUtils.java:56) ~[flyway-core-6.0.8.jar!/:na]
	... 32 common frames omitted
Caused by: java.net.UnknownHostException: db
	at java.base/java.net.AbstractPlainSocketImpl.connect(AbstractPlainSocketImpl.java:220) ~[na:na]
	at java.base/java.net.SocksSocketImpl.connect(SocksSocketImpl.java:392) ~[na:na]
	at java.base/java.net.Socket.connect(Socket.java:609) ~[na:na]
	at org.postgresql.core.PGStream.<init>(PGStream.java:75) ~[postgresql-42.2.8.jar!/:42.2.8]
	at org.postgresql.core.v3.ConnectionFactoryImpl.tryConnect(ConnectionFactoryImpl.java:91) ~[postgresql-42.2.8.jar!/:42.2.8]
	at org.postgresql.core.v3.ConnectionFactoryImpl.openConnectionImpl(ConnectionFactoryImpl.java:192) ~[postgresql-42.2.8.jar!/:42.2.8]
	... 39 common frames omitted

